Connection established to port 12345
Message sent to port 12345: LIST
List operation started
Message received from port 12345: LIST
List operation successfully completed
Message sent to port 12345: STORE SomeFile1 35
Store operation started for file SomeFile1
Message received from port 12345: STORE_TO 12346 12347 12348
Controller replied to store SomeFile1 in these Dstores: 12346 12347 12348 
Connection established to port 12346
Message sent to port 12346: STORE SomeFile1 35
Storing file SomeFile1 to Dstore 12346
Message received from port 12346: ACK
ACK received from Dstore 12346 to store file SomeFile1
Store of file SomeFile1 to Dstore 12346 successfully completed
Connection established to port 12347
Message sent to port 12347: STORE SomeFile1 35
Storing file SomeFile1 to Dstore 12347
Message received from port 12347: ACK
ACK received from Dstore 12347 to store file SomeFile1
Store of file SomeFile1 to Dstore 12347 successfully completed
Connection established to port 12348
Message sent to port 12348: STORE SomeFile1 35
Storing file SomeFile1 to Dstore 12348
Message received from port 12348: ACK
ACK received from Dstore 12348 to store file SomeFile1
Store of file SomeFile1 to Dstore 12348 successfully completed
Timeout expired while reading from port 12345
Message sent to port 12345: STORE File2 82
Store operation started for file File2
Message received from port 12345: STORE_TO 12346 12347 12348
Controller replied to store File2 in these Dstores: 12346 12347 12348 
Connection established to port 12346
Message sent to port 12346: STORE File2 82
Storing file File2 to Dstore 12346
Message received from port 12346: ACK
ACK received from Dstore 12346 to store file File2
Store of file File2 to Dstore 12346 successfully completed
Connection established to port 12347
Message sent to port 12347: STORE File2 82
Storing file File2 to Dstore 12347
Message received from port 12347: ACK
ACK received from Dstore 12347 to store file File2
Store of file File2 to Dstore 12347 successfully completed
Connection established to port 12348
Message sent to port 12348: STORE File2 82
Storing file File2 to Dstore 12348
Message received from port 12348: ACK
ACK received from Dstore 12348 to store file File2
Store of file File2 to Dstore 12348 successfully completed
Timeout expired while reading from port 12345
Message sent to port 12345: STORE File5 0
Store operation started for file File5
Message received from port 12345: STORE_TO 12346 12347 12348
Controller replied to store File5 in these Dstores: 12346 12347 12348 
Timeout expired while reading from port 12345
Message sent to port 12345: LOAD File2
Load operation for file File2 started
Message received from port 12345: LOAD_FROM 12346 82
Controller replied to load file File2 (size: 82 bytes) from Dstore 12346
Connection established to port 12346
Message sent to port 12346: LOAD_DATA File2
Loading file File2 from Dstore 12346
Load operation of file File2 from Dstore 12346 successfully completed
Message sent to port 12345: LOAD File3
Load operation for file File3 started
Message received from port 12345: ERROR_FILE_DOES_NOT_EXIST
Load operation failed because file does not exist (filename: File3)
Message sent to port 12345: REMOVE File3
Remove operation for file File3 started
Message received from port 12345: ERROR_FILE_DOES_NOT_EXIST
Remove operation failed because file does not exist (filename: File3)
Message sent to port 12345: LIST
List operation started
Message received from port 12345: LIST File5 File2 SomeFile1  
List operation successfully completed
Message sent to port 12345: LOAD File5
Load operation for file File5 started
Message received from port 12345: LOAD_FROM 12346 0
Controller replied to load file File5 (size: 0 bytes) from Dstore 12346
Connection established to port 12346
Message sent to port 12346: LOAD_DATA File5
Loading file File5 from Dstore 12346
Load operation of file File5 from Dstore 12346 successfully completed
Message sent to port 12345: LOAD File2
Load operation for file File2 started
Message received from port 12345: LOAD_FROM 12346 82
Controller replied to load file File2 (size: 82 bytes) from Dstore 12346
Connection established to port 12346
Message sent to port 12346: LOAD_DATA File2
Loading file File2 from Dstore 12346
Load operation of file File2 from Dstore 12346 successfully completed
Message sent to port 12345: LOAD SomeFile1
Load operation for file SomeFile1 started
Message received from port 12345: LOAD_FROM 12346 35
Controller replied to load file SomeFile1 (size: 35 bytes) from Dstore 12346
Connection established to port 12346
Message sent to port 12346: LOAD_DATA SomeFile1
Loading file SomeFile1 from Dstore 12346
Load operation of file SomeFile1 from Dstore 12346 successfully completed
Message sent to port 12345: REMOVE File5
Remove operation for file File5 started
Message received from port 12345: REMOVE_COMPLETE
Remove operation for file File5 successfully completed
Message sent to port 12345: REMOVE File2
Remove operation for file File2 started
Message received from port 12345: REMOVE_COMPLETE
Remove operation for file File2 successfully completed
Message sent to port 12345: REMOVE SomeFile1
Remove operation for file SomeFile1 started
Message received from port 12345: REMOVE_COMPLETE
Remove operation for file SomeFile1 successfully completed
Message sent to port 12345: REMOVE File5
Remove operation for file File5 started
Message received from port 12345: ERROR_FILE_DOES_NOT_EXIST
Remove operation failed because file does not exist (filename: File5)
Message sent to port 12345: LIST
List operation started
Message received from port 12345: LIST
List operation successfully completed
