Connection established to port 1234
Message sent to port 1234: LIST
List operation started
Timeout expired while reading from port 1234
List operation failed
Message sent to port 1234: LIST
List operation started
Timeout expired while reading from port 1234
List operation failed
Message sent to port 1234: LIST
List operation started
Timeout expired while reading from port 1234
List operation failed
Connection established to port 1234
Connection established to port 1234
Connection established to port 1234
Connection established to port 1234
Connection established to port 1234
Message sent to port 1234: LIST
Message sent to port 1234: LIST
Message sent to port 1234: LIST
List operation started
List operation started
Message sent to port 1234: LIST
List operation started
Connection established to port 1234
Connection established to port 1234
Connection established to port 1234
Connection established to port 1234
Connection established to port 1234
List operation started
Message sent to port 1234: LIST
Message sent to port 1234: LIST
List operation started
Message sent to port 1234: LIST
List operation started
Message sent to port 1234: LIST
Message sent to port 1234: LIST
List operation started
List operation started
List operation started
Message sent to port 1234: LIST
List operation started
Timeout expired while reading from port 1234
Timeout expired while reading from port 1234
Timeout expired while reading from port 1234
List operation failed
List operation failed
List operation failed
Timeout expired while reading from port 1234
List operation failed
Timeout expired while reading from port 1234
Timeout expired while reading from port 1234
Timeout expired while reading from port 1234
Timeout expired while reading from port 1234
List operation failed
List operation failed
Timeout expired while reading from port 1234
List operation failed
List operation failed
List operation failed
Timeout expired while reading from port 1234
List operation failed
