Connection established to port 12345
Message sent to port 12345: LIST
List operation started
Message received from port 12345: LIST
List operation successfully completed
Message sent to port 12345: STORE SomeFile1 35
Store operation started for file SomeFile1
Message received from port 12345: STORE_TO 12346 12347 12348
Controller replied to store SomeFile1 in these Dstores: 12346 12347 12348 
Connection established to port 12346
Message sent to port 12346: STORE SomeFile1 35
Storing file SomeFile1 to Dstore 12346
Message received from port 12346: ACK
ACK received from Dstore 12346 to store file SomeFile1
Store of file SomeFile1 to Dstore 12346 successfully completed
Connection established to port 12347
Message sent to port 12347: STORE SomeFile1 35
Storing file SomeFile1 to Dstore 12347
Message received from port 12347: ACK
ACK received from Dstore 12347 to store file SomeFile1
Store of file SomeFile1 to Dstore 12347 successfully completed
Connection established to port 12348
Message sent to port 12348: STORE SomeFile1 35
Storing file SomeFile1 to Dstore 12348
Message received from port 12348: ACK
ACK received from Dstore 12348 to store file SomeFile1
Store of file SomeFile1 to Dstore 12348 successfully completed
Message received from port 12345: STORE_COMPLETE
Store operation for file SomeFile1 completed
Message sent to port 12345: STORE File2 82
Store operation started for file File2
Message received from port 12345: STORE_TO 12346 12347 12348
Controller replied to store File2 in these Dstores: 12346 12347 12348 
Connection established to port 12346
Message sent to port 12346: STORE File2 82
Storing file File2 to Dstore 12346
Message received from port 12346: ACK
ACK received from Dstore 12346 to store file File2
Store of file File2 to Dstore 12346 successfully completed
Connection established to port 12347
Message sent to port 12347: STORE File2 82
Storing file File2 to Dstore 12347
Message received from port 12347: ACK
ACK received from Dstore 12347 to store file File2
Store of file File2 to Dstore 12347 successfully completed
Connection established to port 12348
Message sent to port 12348: STORE File2 82
Storing file File2 to Dstore 12348
Message received from port 12348: ACK
ACK received from Dstore 12348 to store file File2
Store of file File2 to Dstore 12348 successfully completed
Message received from port 12345: STORE_COMPLETE
Store operation for file File2 completed
Message sent to port 12345: STORE File3 71
Store operation started for file File3
Message received from port 12345: STORE_TO 12346 12347 12348
Controller replied to store File3 in these Dstores: 12346 12347 12348 
Connection established to port 12346
Message sent to port 12346: STORE File3 71
Storing file File3 to Dstore 12346
Message received from port 12346: ACK
ACK received from Dstore 12346 to store file File3
Store of file File3 to Dstore 12346 successfully completed
Connection established to port 12347
Message sent to port 12347: STORE File3 71
Storing file File3 to Dstore 12347
Message received from port 12347: ACK
ACK received from Dstore 12347 to store file File3
Store of file File3 to Dstore 12347 successfully completed
Connection established to port 12348
Message sent to port 12348: STORE File3 71
Storing file File3 to Dstore 12348
Message received from port 12348: ACK
ACK received from Dstore 12348 to store file File3
Store of file File3 to Dstore 12348 successfully completed
Message received from port 12345: STORE_COMPLETE
Store operation for file File3 completed
Message sent to port 12345: STORE File4 57
Store operation started for file File4
Message received from port 12345: STORE_TO 12346 12347 12348
Controller replied to store File4 in these Dstores: 12346 12347 12348 
Connection established to port 12346
Message sent to port 12346: STORE File4 57
Storing file File4 to Dstore 12346
Message received from port 12346: ACK
ACK received from Dstore 12346 to store file File4
Store of file File4 to Dstore 12346 successfully completed
Connection established to port 12347
Message sent to port 12347: STORE File4 57
Storing file File4 to Dstore 12347
Message received from port 12347: ACK
ACK received from Dstore 12347 to store file File4
Store of file File4 to Dstore 12347 successfully completed
Connection established to port 12348
Message sent to port 12348: STORE File4 57
Storing file File4 to Dstore 12348
Message received from port 12348: ACK
ACK received from Dstore 12348 to store file File4
Store of file File4 to Dstore 12348 successfully completed
Message received from port 12345: STORE_COMPLETE
Store operation for file File4 completed
Message sent to port 12345: LOAD File2
Load operation for file File2 started
Message received from port 12345: LOAD_FROM 12346 82
Controller replied to load file File2 (size: 82 bytes) from Dstore 12346
Connection established to port 12346
Message sent to port 12346: LOAD_DATA File2
Loading file File2 from Dstore 12346
Load operation of file File2 from Dstore 12346 successfully completed
Message sent to port 12345: LOAD File3
Load operation for file File3 started
Message received from port 12345: LOAD_FROM 12346 71
Controller replied to load file File3 (size: 71 bytes) from Dstore 12346
Load operation for file File3 from Dstore 12346 failed
Message sent to port 12345: RELOAD File3
Retrying to load file File3
Message received from port 12345: LOAD_FROM 12347 71
Controller replied to load file File3 (size: 71 bytes) from Dstore 12347
Load operation for file File3 from Dstore 12347 failed
Message sent to port 12345: RELOAD File3
Retrying to load file File3
Message received from port 12345: LOAD_FROM 12348 71
Controller replied to load file File3 (size: 71 bytes) from Dstore 12348
Load operation for file File3 from Dstore 12348 failed
Message sent to port 12345: RELOAD File3
Retrying to load file File3
Message received from port 12345: ERROR_LOAD
Load operation for file File3 failed after having contacted 3 different Dstores
Message sent to port 12345: REMOVE File3
Remove operation for file File3 started
Timeout expired while reading from port 12345
Remove operation for file File3 not completed successfully
Message sent to port 12345: REMOVE SomeFile1
Remove operation for file SomeFile1 started
Timeout expired while reading from port 12345
Remove operation for file SomeFile1 not completed successfully
Message sent to port 12345: REMOVE File2
Remove operation for file File2 started
Timeout expired while reading from port 12345
Remove operation for file File2 not completed successfully
Message sent to port 12345: LIST
List operation started
Timeout expired while reading from port 12345
List operation failed
Message sent to port 12345: LIST
List operation started
Timeout expired while reading from port 12345
List operation failed
