Connection established to port 12345
Message sent to port 12345: LIST
List operation started
Message received from port 12345: LIST
List operation successfully completed
Message sent to port 12345: STORE SomeFile1 35
Store operation started for file SomeFile1
Message received from port 12345: STORE_TO 12346 12347
Controller replied to store SomeFile1 in these Dstores: 12346 12347 
Connection established to port 12346
Message sent to port 12346: STORE SomeFile1 35
Storing file SomeFile1 to Dstore 12346
Message received from port 12346: ACK
ACK received from Dstore 12346 to store file SomeFile1
Store of file SomeFile1 to Dstore 12346 successfully completed
Connection established to port 12347
Message sent to port 12347: STORE SomeFile1 35
Storing file SomeFile1 to Dstore 12347
Message received from port 12347: ACK
ACK received from Dstore 12347 to store file SomeFile1
Store of file SomeFile1 to Dstore 12347 successfully completed
Timeout expired while reading from port 12345
Message sent to port 12345: STORE File2 82
Store operation started for file File2
Timeout expired while reading from port 12345
Message sent to port 12345: STORE File3 71
Store operation started for file File3
Timeout expired while reading from port 12345
Message sent to port 12345: LOAD File2
Load operation for file File2 started
Timeout expired while reading from port 12345
Message sent to port 12345: REMOVE File3
Remove operation for file File3 started
Timeout expired while reading from port 12345
Remove operation for file File3 not completed successfully
Message sent to port 12345: LIST
List operation started
Timeout expired while reading from port 12345
List operation failed
Message sent to port 12345: LIST
List operation started
Timeout expired while reading from port 12345
List operation failed
