Connection established to port 12345
Message sent to port 12345: LIST
List operation started
Message received from port 12345: LIST
List operation successfully completed
Message sent to port 12345: STORE SomeFile1 35
Store operation started for file SomeFile1
Message received from port 12345: ERROR_FILE_ALREADY_EXISTS
File to store SomeFile1 already exists in the data store
Message sent to port 12345: STORE File2 82
Store operation started for file File2
Message received from port 12345: STORE_COMPLETE
ERROR: Unexpected message received: STORE_COMPLETE
Message sent to port 12345: STORE File3 71
Store operation started for file File3
Message received from port 12345: ERROR_FILE_ALREADY_EXISTS
File to store File3 already exists in the data store
Message sent to port 12345: STORE File4 57
Store operation started for file File4
Message received from port 12345: STORE_COMPLETE
ERROR: Unexpected message received: STORE_COMPLETE
Message sent to port 12345: LOAD File2
Load operation for file File2 started
Message received from port 12345: ERROR_FILE_ALREADY_EXISTS
ERROR: Unexpected message received (expected message: LOAD_FROM): ERROR_FILE_ALREADY_EXISTS
Message sent to port 12345: LOAD File3
Load operation for file File3 started
Message received from port 12345: STORE_COMPLETE
ERROR: Unexpected message received (unxpected message: LOAD_FROM): STORE_COMPLETE
Message sent to port 12345: REMOVE File3
Remove operation for file File3 started
Message received from port 12345: ERROR_FILE_ALREADY_EXISTS
ERROR: Unexpected message received. Expected message: REMOVE_COMPLETE
Remove operation for file File3 not completed successfully
Message sent to port 12345: REMOVE SomeFile1
Remove operation for file SomeFile1 started
Message received from port 12345: STORE_COMPLETE
ERROR: Unexpected message received. Expected message: REMOVE_COMPLETE
Remove operation for file SomeFile1 not completed successfully
Message sent to port 12345: REMOVE File2
Remove operation for file File2 started
Message received from port 12345: ERROR_FILE_DOES_NOT_EXIST
Remove operation failed because file does not exist (filename: File2)
Message sent to port 12345: LIST
List operation started
Message received from port 12345: ERROR_FILE_DOES_NOT_EXIST
ERROR: Connection closed by the Controller
List operation failed
Message sent to port 12345: LIST
List operation started
Timeout expired while reading from port 12345
List operation failed
