Connection established to port 12345
Message sent to port 12345: LIST
List operation started
Message received from port 12345: LIST
List operation successfully completed
Message sent to port 12345: STORE SomeFile1 35
Store operation started for file SomeFile1
Message received from port 12345: STORE_TO 12346 12347
Controller replied to store SomeFile1 in these Dstores: 12346 12347 
Connection established to port 12346
Message sent to port 12346: STORE SomeFile1 35
Storing file SomeFile1 to Dstore 12346
Message received from port 12346: ACK
ACK received from Dstore 12346 to store file SomeFile1
Store of file SomeFile1 to Dstore 12346 successfully completed
Connection established to port 12347
Message sent to port 12347: STORE SomeFile1 35
Storing file SomeFile1 to Dstore 12347
Message received from port 12347: ACK
ACK received from Dstore 12347 to store file SomeFile1
Store of file SomeFile1 to Dstore 12347 successfully completed
Message received from port 12345: STORE_COMPLETE
Store operation for file SomeFile1 completed
Message sent to port 12345: STORE File2 82
Store operation started for file File2
Message received from port 12345: STORE_TO 12346 12347
Controller replied to store File2 in these Dstores: 12346 12347 
Connection established to port 12346
Message sent to port 12346: STORE File2 82
Storing file File2 to Dstore 12346
Message received from port 12346: ACK
ACK received from Dstore 12346 to store file File2
Store of file File2 to Dstore 12346 successfully completed
Connection established to port 12347
Message sent to port 12347: STORE File2 82
Storing file File2 to Dstore 12347
Message received from port 12347: ACK
ACK received from Dstore 12347 to store file File2
Store of file File2 to Dstore 12347 successfully completed
Message received from port 12345: STORE_COMPLETE
Store operation for file File2 completed
Message sent to port 12345: LOAD File2
Load operation for file File2 started
Message received from port 12345: LOAD_FROM 12346 82
Controller replied to load file File2 (size: 82 bytes) from Dstore 12346
Connection established to port 12346
Message sent to port 12346: LOAD_DATA File2
Loading file File2 from Dstore 12346
Load operation of file File2 from Dstore 12346 successfully completed
Message sent to port 12345: REMOVE File2
Remove operation for file File2 started
Message received from port 12345: REMOVE File2
ERROR: Unexpected message received. Expected message: REMOVE_COMPLETE
Remove operation for file File2 not completed successfully
Message sent to port 12345: LIST
List operation started
Message received from port 12345: REMOVE File2
ERROR: Connection closed by the Controller
List operation failed
Message sent to port 12345: LIST
List operation started
Message received from port 12345: REMOVE_COMPLETE
ERROR: Connection closed by the Controller
List operation failed
