Connection established to port 12345
Message sent to port 12345: LIST
List operation started
Timeout expired while reading from port 12345
List operation failed
Message sent to port 12345: STORE SomeFile1 35
Store operation started for file SomeFile1
Timeout expired while reading from port 12345
Message sent to port 12345: STORE File2 82
Store operation started for file File2
Timeout expired while reading from port 12345
Message sent to port 12345: STORE File3 71
Store operation started for file File3
Timeout expired while reading from port 12345
Message sent to port 12345: LIST
List operation started
Timeout expired while reading from port 12345
List operation failed
Message sent to port 12345: LIST
List operation started
Timeout expired while reading from port 12345
List operation failed
