Connection established to port 12345
Message sent to port 12345: LIST
List operation started
Message received from port 12345: LIST
List operation successfully completed
Message sent to port 12345: STORE SomeFile1 35
Store operation started for file SomeFile1
Timeout expired while reading from port 12345
Message sent to port 12345: STORE File2 82
Store operation started for file File2
Timeout expired while reading from port 12345
Message sent to port 12345: STORE File3 71
Store operation started for file File3
Timeout expired while reading from port 12345
Message sent to port 12345: STORE File4 57
Store operation started for file File4
Timeout expired while reading from port 12345
Message sent to port 12345: LOAD File2
Load operation for file File2 started
Timeout expired while reading from port 12345
Message sent to port 12345: LOAD File3
Load operation for file File3 started
Timeout expired while reading from port 12345
Message sent to port 12345: REMOVE File3
Remove operation for file File3 started
Timeout expired while reading from port 12345
Remove operation for file File3 not completed successfully
Message sent to port 12345: REMOVE SomeFile1
Remove operation for file SomeFile1 started
Timeout expired while reading from port 12345
Remove operation for file SomeFile1 not completed successfully
Message sent to port 12345: REMOVE File2
Remove operation for file File2 started
Timeout expired while reading from port 12345
Remove operation for file File2 not completed successfully
Message sent to port 12345: LIST
List operation started
Timeout expired while reading from port 12345
List operation failed
Message sent to port 12345: LIST
List operation started
Timeout expired while reading from port 12345
List operation failed
